[2024-05-15 22:54:17] [ WARN ] [BD:27] La base de datos puede que ya esté siendo utilizada: "C:/Users/danus/EXClinicaOdontologica.mv.db". Soluciones Posibles: cierre todas las otras conexiones; use el modo server
Database may be already in use: "C:/Users/danus/EXClinicaOdontologica.mv.db". Possible solutions: close all other connection(s); use the server mode [90020-224]
[2024-05-15 22:54:17] [ INFO ] [OdontologoDAOH2:16] inicando la operacion de guardado de ondotologo
[2024-05-15 22:54:17] [ WARN ] [OdontologoDAOH2:31] La base de datos puede que ya esté siendo utilizada: "C:/Users/danus/EXClinicaOdontologica.mv.db". Soluciones Posibles: cierre todas las otras conexiones; use el modo server
Database may be already in use: "C:/Users/danus/EXClinicaOdontologica.mv.db". Possible solutions: close all other connection(s); use the server mode [90020-224]
[2024-05-15 22:54:17] [ ERROR] [OdontologoDAOH2:32] Error al guardar el odontólogo
org.h2.jdbc.JdbcSQLNonTransientConnectionException: La base de datos puede que ya esté siendo utilizada: "C:/Users/danus/EXClinicaOdontologica.mv.db". Soluciones Posibles: cierre todas las otras conexiones; use el modo server
Database may be already in use: "C:/Users/danus/EXClinicaOdontologica.mv.db". Possible solutions: close all other connection(s); use the server mode [90020-224]
	at org.h2.message.DbException.getJdbcSQLException(DbException.java:690)
	at org.h2.message.DbException.getJdbcSQLException(DbException.java:489)
	at org.h2.message.DbException.get(DbException.java:212)
	at org.h2.mvstore.db.Store.convertMVStoreException(Store.java:165)
	at org.h2.mvstore.db.Store.<init>(Store.java:142)
	at org.h2.engine.Database.<init>(Database.java:326)
	at org.h2.engine.Engine.openSession(Engine.java:92)
	at org.h2.engine.Engine.openSession(Engine.java:222)
	at org.h2.engine.Engine.createSession(Engine.java:201)
	at org.h2.engine.SessionRemote.connectEmbeddedOrServer(SessionRemote.java:343)
	at org.h2.jdbc.JdbcConnection.<init>(JdbcConnection.java:125)
	at org.h2.Driver.connect(Driver.java:59)
	at java.sql/java.sql.DriverManager.getConnection(DriverManager.java:681)
	at java.sql/java.sql.DriverManager.getConnection(DriverManager.java:229)
	at dao.BD.getConnection(BD.java:42)
	at dao.OdontologoDAOH2.guardar(OdontologoDAOH2.java:19)
	at dao.OdontologoDAOH2.guardar(OdontologoDAOH2.java:10)
	at service.OdontologoService.guardarOdontologo(OdontologoService.java:17)
	at Cliente.main(Cliente.java:10)
Caused by: org.h2.mvstore.MVStoreException: The file is locked: C:/Users/danus/EXClinicaOdontologica.mv.db [2.2.224/7]
	at org.h2.mvstore.DataUtils.newMVStoreException(DataUtils.java:996)
	at org.h2.mvstore.SingleFileStore.lockFileChannel(SingleFileStore.java:143)
	at org.h2.mvstore.SingleFileStore.open(SingleFileStore.java:117)
	at org.h2.mvstore.SingleFileStore.open(SingleFileStore.java:81)
	at org.h2.mvstore.MVStore.<init>(MVStore.java:286)
	at org.h2.mvstore.MVStore$Builder.open(MVStore.java:2035)
	at org.h2.mvstore.db.Store.<init>(Store.java:133)
	... 14 more
